<?xml version="1.0" encoding="UTF-8"?>
<!-- Generated by org.testng.reporters.JUnitReportReporter -->
<testsuite hostname="P950" failures="0" tests="1" name="com.CalculatorTest" time="1.858" errors="0" timestamp="26 Mar 2020 12:50:38 GMT" skipped="0">
  <testcase classname="com.CalculatorTest" name="TestPlus" time="1.858"/>
</testsuite> <!-- com.CalculatorTest -->
